[debug] [2019-11-13T22:42:58.339Z] ----------------------------------------------------------------------
[debug] [2019-11-13T22:42:58.343Z] Command:       C:\Program Files\nodejs\node.exe C:\Users\USER 1.DESKTOP-CAT9E86\AppData\Roaming\npm\node_modules\firebase-tools\lib\bin\firebase.js init
[debug] [2019-11-13T22:42:58.343Z] CLI Version:   7.7.0
[debug] [2019-11-13T22:42:58.343Z] Platform:      win32
[debug] [2019-11-13T22:42:58.343Z] Node Version:  v10.15.3
[debug] [2019-11-13T22:42:58.349Z] Time:          Wed Nov 13 2019 17:42:58 GMT-0500 (GMT-05:00)
[debug] [2019-11-13T22:42:58.349Z] ----------------------------------------------------------------------
[debug] [2019-11-13T22:42:58.350Z] 
[debug] [2019-11-13T22:42:58.368Z] > command requires scopes: ["email","openid","https://www.googleapis.com/auth/cloudplatformprojects.readonly","https://www.googleapis.com/auth/firebase","https://www.googleapis.com/auth/cloud-platform"]
[debug] [2019-11-13T22:42:58.369Z] > authorizing via signed-in user
[info] 
     ######## #### ########  ######## ########     ###     ######  ########
     ##        ##  ##     ## ##       ##     ##  ##   ##  ##       ##
     ######    ##  ########  ######   ########  #########  ######  ######
     ##        ##  ##    ##  ##       ##     ## ##     ##       ## ##
     ##       #### ##     ## ######## ########  ##     ##  ######  ########

You're about to initialize a Firebase project in this directory:

  C:\Users\USER 1.DESKTOP-CAT9E86\Desktop\React Apps\react-firebase

[info] 
=== Project Setup
[info] 
[info] First, let's associate this project directory with a Firebase project.
[info] You can create multiple project aliases by running firebase use --add, 
[info] but for now we'll just set up a default project.
[info] 
[debug] [2019-11-13T22:45:19.573Z] >>> HTTP REQUEST GET https://firebase.googleapis.com/v1beta1/projects?pageSize=100  
 
[debug] [2019-11-13T22:45:21.166Z] <<< HTTP RESPONSE 200
[info] i  Using project react-app-d226a (react-app)
[info] 
=== Database Setup
[info] 
[info] Firebase Realtime Database Rules allow you to define how your data should be
[info] structured and when your data can be read from and written to.
[info] 
[debug] [2019-11-13T22:45:31.332Z] >>> HTTP REQUEST GET https://react-app-d226a.firebaseio.com/.settings/rules.json  
 
[debug] [2019-11-13T22:45:33.042Z] <<< HTTP RESPONSE 200
[debug] [2019-11-13T22:45:33.428Z] Error: EISDIR: illegal operation on a directory, open 'C:\Users\USER 1.DESKTOP-CAT9E86\Desktop\React Apps\react-firebase'
    at Object.openSync (fs.js:438:3)
    at Object.writeFileSync (fs.js:1189:35)
    at Config.writeProjectFile (C:\Users\USER 1.DESKTOP-CAT9E86\AppData\Roaming\npm\node_modules\firebase-tools\lib\config.js:179:8)
    at C:\Users\USER 1.DESKTOP-CAT9E86\AppData\Roaming\npm\node_modules\firebase-tools\lib\init\features\database.js:25:23
    at process._tickCallback (internal/process/next_tick.js:68:7)
[error] 
[error] Error: An unexpected error has occurred.
